<?xml version="1.0" encoding="UTF-8"?>
<testsuite xmlns:xsi="http://www.w3.org/2001/XMLSchema-instance" xsi:noNamespaceSchemaLocation="https://maven.apache.org/surefire/maven-surefire-plugin/xsd/surefire-test-report.xsd" name="com.example.cart.CartControllerTest" time="4.309" tests="1" errors="0" skipped="0" failures="1">
  <properties>
[...]
</properties>
  <testcase name="retrieveAllProduct" classname="com.example.cart.CartControllerTest" time="0.281">
    <failure message="Status expected:&lt;200&gt; but was:&lt;404&gt;" type="java.lang.AssertionError"><![CDATA[java.lang.AssertionError: Status expected:<200> but was:<404>
	at com.example.cart.CartControllerTest.retrieveAllProduct(CartControllerTest.java:35)
]]></failure>
    <system-out><![CDATA[2018-08-05 16:13:01.303  INFO 15864 --- [           main] .b.t.a.w.s.WebMvcTestContextBootstrapper : Neither @ContextConfiguration nor @ContextHierarchy found for test class [com.example.cart.CartControllerTest], using SpringBootContextLoader
2018-08-05 16:13:01.303  INFO 15864 --- [           main] o.s.t.c.support.AbstractContextLoader    : Could not detect default resource locations for test class [com.example.cart.CartControllerTest]: no resource found for suffixes {-context.xml, Context.groovy}.
2018-08-05 16:13:01.303  INFO 15864 --- [           main] t.c.s.AnnotationConfigContextLoaderUtils : Could not detect default configuration classes for test class [com.example.cart.CartControllerTest]: CartControllerTest does not declare any static, non-private, non-final, nested classes annotated with @Configuration.
2018-08-05 16:13:01.381  INFO 15864 --- [           main] .b.t.c.SpringBootTestContextBootstrapper : Found @SpringBootConfiguration com.example.cart.CartApplication for test class com.example.cart.CartControllerTest
2018-08-05 16:13:01.397  INFO 15864 --- [           main] .b.t.a.w.s.WebMvcTestContextBootstrapper : Loaded default TestExecutionListener class names from location [META-INF/spring.factories]: [org.springframework.boot.test.mock.mockito.MockitoTestExecutionListener, org.springframework.boot.test.mock.mockito.ResetMocksTestExecutionListener, org.springframework.boot.test.autoconfigure.restdocs.RestDocsTestExecutionListener, org.springframework.boot.test.autoconfigure.web.client.MockRestServiceServerResetTestExecutionListener, org.springframework.boot.test.autoconfigure.web.servlet.MockMvcPrintOnlyOnFailureTestExecutionListener, org.springframework.boot.test.autoconfigure.web.servlet.WebDriverTestExecutionListener, org.springframework.test.context.web.ServletTestExecutionListener, org.springframework.test.context.support.DirtiesContextBeforeModesTestExecutionListener, org.springframework.test.context.support.DependencyInjectionTestExecutionListener, org.springframework.test.context.support.DirtiesContextTestExecutionListener, org.springframework.test.context.transaction.TransactionalTestExecutionListener, org.springframework.test.context.jdbc.SqlScriptsTestExecutionListener]
2018-08-05 16:13:01.397  INFO 15864 --- [           main] .b.t.a.w.s.WebMvcTestContextBootstrapper : Using TestExecutionListeners: [org.springframework.test.context.web.ServletTestExecutionListener@1c89d2f, org.springframework.test.context.support.DirtiesContextBeforeModesTestExecutionListener@10e94e, org.springframework.boot.test.mock.mockito.MockitoTestExecutionListener@1691f3d, org.springframework.boot.test.autoconfigure.SpringBootDependencyInjectionTestExecutionListener@1dbf9be, org.springframework.test.context.support.DirtiesContextTestExecutionListener@7f2e0f, org.springframework.boot.test.mock.mockito.ResetMocksTestExecutionListener@1a6ee17, org.springframework.boot.test.autoconfigure.restdocs.RestDocsTestExecutionListener@d39a69, org.springframework.boot.test.autoconfigure.web.client.MockRestServiceServerResetTestExecutionListener@818ac4, org.springframework.boot.test.autoconfigure.web.servlet.MockMvcPrintOnlyOnFailureTestExecutionListener@169d40d, org.springframework.boot.test.autoconfigure.web.servlet.WebDriverTestExecutionListener@1154f21]

  .   ____          _            __ _ _
 /\\ / ___'_ __ _ _(_)_ __  __ _ \ \ \ \
( ( )\___ | '_ | '_| | '_ \/ _` | \ \ \ \
 \\/  ___)| |_)| | | | | || (_| |  ) ) ) )
  '  |____| .__|_| |_|_| |_\__, | / / / /
 =========|_|==============|___/=/_/_/_/
 :: Spring Boot ::        (v2.0.4.RELEASE)

2018-08-05 16:13:01.506  INFO 15864 --- [           main] com.example.cart.CartControllerTest      : Starting CartControllerTest on LAPTOP-QD3NEAPP with PID 15864 (started by User in C:\Users\User\IdeaProjects\cart)
2018-08-05 16:13:01.522  INFO 15864 --- [           main] com.example.cart.CartControllerTest      : No active profile set, falling back to default profiles: default
2018-08-05 16:13:01.522  INFO 15864 --- [           main] o.s.w.c.s.GenericWebApplicationContext   : Refreshing org.springframework.web.context.support.GenericWebApplicationContext@cdae70: startup date [Sun Aug 05 16:13:01 CEST 2018]; root of context hierarchy
2018-08-05 16:13:03.988  INFO 15864 --- [           main] o.s.w.s.handler.SimpleUrlHandlerMapping  : Mapped URL path [/**/favicon.ico] onto handler of type [class org.springframework.web.servlet.resource.ResourceHttpRequestHandler]
2018-08-05 16:13:04.578  INFO 15864 --- [           main] s.w.s.m.m.a.RequestMappingHandlerAdapter : Looking for @ControllerAdvice: org.springframework.web.context.support.GenericWebApplicationContext@cdae70: startup date [Sun Aug 05 16:13:01 CEST 2018]; root of context hierarchy
2018-08-05 16:13:04.797  INFO 15864 --- [           main] s.w.s.m.m.a.RequestMappingHandlerMapping : Mapped "{[/cart/AllProducts/{id}],methods=[GET]}" onto public java.util.List<com.example.cart.model.Cart> com.example.cart.controller.CartController.getAllProducts(java.lang.String)
2018-08-05 16:13:04.813  INFO 15864 --- [           main] s.w.s.m.m.a.RequestMappingHandlerMapping : Mapped "{[/cart/{id}],methods=[POST]}" onto public org.springframework.http.ResponseEntity<java.lang.String> com.example.cart.controller.CartController.addProduct(java.lang.String,com.example.cart.model.Product)
2018-08-05 16:13:04.813  INFO 15864 --- [           main] s.w.s.m.m.a.RequestMappingHandlerMapping : Mapped "{[/cart/{id}/{product_id}],methods=[DELETE]}" onto public org.springframework.http.ResponseEntity<java.lang.String> com.example.cart.controller.CartController.removeProduct(java.lang.String,java.lang.String)
2018-08-05 16:13:04.813  INFO 15864 --- [           main] s.w.s.m.m.a.RequestMappingHandlerMapping : Mapped "{[/error]}" onto public org.springframework.http.ResponseEntity<java.util.Map<java.lang.String, java.lang.Object>> org.springframework.boot.autoconfigure.web.servlet.error.BasicErrorController.error(javax.servlet.http.HttpServletRequest)
2018-08-05 16:13:04.813  INFO 15864 --- [           main] s.w.s.m.m.a.RequestMappingHandlerMapping : Mapped "{[/error],produces=[text/html]}" onto public org.springframework.web.servlet.ModelAndView org.springframework.boot.autoconfigure.web.servlet.error.BasicErrorController.errorHtml(javax.servlet.http.HttpServletRequest,javax.servlet.http.HttpServletResponse)
2018-08-05 16:13:04.891  INFO 15864 --- [           main] o.s.w.s.handler.SimpleUrlHandlerMapping  : Mapped URL path [/webjars/**] onto handler of type [class org.springframework.web.servlet.resource.ResourceHttpRequestHandler]
2018-08-05 16:13:04.891  INFO 15864 --- [           main] o.s.w.s.handler.SimpleUrlHandlerMapping  : Mapped URL path [/**] onto handler of type [class org.springframework.web.servlet.resource.ResourceHttpRequestHandler]
2018-08-05 16:13:05.206  INFO 15864 --- [           main] o.s.b.t.m.w.SpringBootMockServletContext : Initializing Spring FrameworkServlet ''
2018-08-05 16:13:05.206  INFO 15864 --- [           main] o.s.t.web.servlet.TestDispatcherServlet  : FrameworkServlet '': initialization started
2018-08-05 16:13:05.252  INFO 15864 --- [           main] o.s.t.web.servlet.TestDispatcherServlet  : FrameworkServlet '': initialization completed in 46 ms
2018-08-05 16:13:05.346  INFO 15864 --- [           main] com.example.cart.CartControllerTest      : Started CartControllerTest in 3.934 seconds (JVM running for 10.932)

MockHttpServletRequest:
      HTTP Method = GET
      Request URI = /cart
       Parameters = {}
          Headers = {Accept=[application/json]}
             Body = <no character encoding set>
    Session Attrs = {}

Handler:
             Type = org.springframework.web.servlet.resource.ResourceHttpRequestHandler

Async:
    Async started = false
     Async result = null

Resolved Exception:
             Type = null

ModelAndView:
        View name = null
             View = null
            Model = null

FlashMap:
       Attributes = null

MockHttpServletResponse:
           Status = 404
    Error message = null
          Headers = {}
     Content type = null
             Body = 
    Forwarded URL = null
   Redirected URL = null
          Cookies = []
]]></system-out>
  </testcase>
</testsuite>